c:\users\thellman\documents\visual studio 2015\projects\378-projects\assignments\picking-hierarchic\debug\vc141.pdb
c:\users\thellman\documents\visual studio 2015\projects\378-projects\assignments\picking-hierarchic\debug\vc141.idb
c:\users\thellman\documents\visual studio 2015\projects\378-projects\assignments\picking-hierarchic\debug\house.obj
c:\users\thellman\documents\visual studio 2015\projects\378-projects\assignments\picking-hierarchic\debug\picking-hierarchic.obj
c:\users\thellman\documents\visual studio 2015\projects\378-projects\assignments\picking-hierarchic\debug\scene-graph.obj
c:\users\thellman\documents\visual studio 2015\projects\378-projects\assignments\picking-hierarchic\debug\picking-hierarchic.ilk
c:\users\thellman\documents\visual studio 2015\projects\378-projects\assignments\picking-hierarchic\debug\picking-hierarchic.exe
c:\users\thellman\documents\visual studio 2015\projects\378-projects\assignments\picking-hierarchic\debug\picking-hierarchic.pdb
c:\users\thellman\documents\visual studio 2015\projects\378-projects\assignments\cs378-assignment2-files\picking-hierarchic\debug\house.obj
c:\users\thellman\documents\visual studio 2015\projects\378-projects\assignments\cs378-assignment2-files\picking-hierarchic\debug\picking-hierarchic.obj
c:\users\thellman\documents\visual studio 2015\projects\378-projects\assignments\cs378-assignment2-files\picking-hierarchic\debug\scene-graph.obj
c:\users\thellman\documents\visual studio 2015\projects\378-projects\assignments\cs378-assignment2-files\picking-hierarchic\debug\picking-hierarchic.ilk
c:\users\thellman\documents\visual studio 2015\projects\378-projects\assignments\cs378-assignment2-files\picking-hierarchic\debug\vc141.idb
c:\users\thellman\documents\visual studio 2015\projects\378-projects\assignments\cs378-assignment2-files\picking-hierarchic\debug\picking-hierarchic.pdb
c:\users\thellman\documents\visual studio 2015\projects\378-projects\assignments\cs378-assignment2-files\picking-hierarchic\debug\vc141.pdb
c:\users\thellman\documents\visual studio 2015\projects\378-projects\assignments\cs378-assignment2-files\picking-hierarchic\debug\picking-hierarchic.exe
c:\users\thellman\documents\visual studio 2015\projects\378-projects\assignments\cs378-assignment2-files\picking-hierarchic\debug\picking-.28a07596.tlog\cl.command.1.tlog
c:\users\thellman\documents\visual studio 2015\projects\378-projects\assignments\cs378-assignment2-files\picking-hierarchic\debug\picking-.28a07596.tlog\cl.read.1.tlog
c:\users\thellman\documents\visual studio 2015\projects\378-projects\assignments\cs378-assignment2-files\picking-hierarchic\debug\picking-.28a07596.tlog\cl.write.1.tlog
c:\users\thellman\documents\visual studio 2015\projects\378-projects\assignments\cs378-assignment2-files\picking-hierarchic\debug\picking-.28a07596.tlog\link.command.1.tlog
c:\users\thellman\documents\visual studio 2015\projects\378-projects\assignments\cs378-assignment2-files\picking-hierarchic\debug\picking-.28a07596.tlog\link.read.1.tlog
c:\users\thellman\documents\visual studio 2015\projects\378-projects\assignments\cs378-assignment2-files\picking-hierarchic\debug\picking-.28a07596.tlog\link.write.1.tlog
