C:\USERS\THELLMAN\DOWNLOADS\DRAWING\RELEASE\SCENE.OBJ
C:\USERS\THELLMAN\DOWNLOADS\DRAWING\RELEASE\MATRIX.OBJ
C:\USERS\THELLMAN\DOWNLOADS\DRAWING\RELEASE\GRAPHICS.OBJ
C:\USERS\THELLMAN\DOWNLOADS\DRAWING\RELEASE\DRAWING.OBJ
C:\USERS\THELLMAN\DOWNLOADS\DRAWING\RELEASE\VC110.PDB
C:\USERS\THELLMAN\DOWNLOADS\DRAWING\RELEASE\DRAWING.EXE
C:\USERS\THELLMAN\DOWNLOADS\DRAWING\RELEASE\DRAWING.PDB
C:\Users\thellman\Dropbox\Courses\378\assignments\cs378-assignment2-files\Drawing\Release\drawing.obj
C:\Users\thellman\Dropbox\Courses\378\assignments\cs378-assignment2-files\Drawing\Release\graphics.obj
C:\Users\thellman\Dropbox\Courses\378\assignments\cs378-assignment2-files\Drawing\Release\matrix.obj
C:\Users\thellman\Dropbox\Courses\378\assignments\cs378-assignment2-files\Drawing\Release\scene.obj
C:\Users\thellman\Dropbox\Courses\378\assignments\cs378-assignment2-files\Drawing\Release\cl.command.1.tlog
C:\Users\thellman\Dropbox\Courses\378\assignments\cs378-assignment2-files\Drawing\Release\CL.read.1.tlog
C:\Users\thellman\Dropbox\Courses\378\assignments\cs378-assignment2-files\Drawing\Release\CL.write.1.tlog
C:\Users\thellman\Dropbox\Courses\378\assignments\cs378-assignment2-files\Drawing\Release\link-cvtres.read.1.tlog
C:\Users\thellman\Dropbox\Courses\378\assignments\cs378-assignment2-files\Drawing\Release\link-cvtres.write.1.tlog
C:\Users\thellman\Dropbox\Courses\378\assignments\cs378-assignment2-files\Drawing\Release\link-rc.read.1.tlog
C:\Users\thellman\Dropbox\Courses\378\assignments\cs378-assignment2-files\Drawing\Release\link-rc.write.1.tlog
C:\Users\thellman\Dropbox\Courses\378\assignments\cs378-assignment2-files\Drawing\Release\link.command.1.tlog
C:\Users\thellman\Dropbox\Courses\378\assignments\cs378-assignment2-files\Drawing\Release\link.read.1.tlog
C:\Users\thellman\Dropbox\Courses\378\assignments\cs378-assignment2-files\Drawing\Release\link.write.1.tlog
C:\Users\thellman\Dropbox\Courses\378\assignments\cs378-assignment2-files\Drawing\Release\Drawing.pdb
C:\Users\thellman\Dropbox\Courses\378\assignments\cs378-assignment2-files\Drawing\Release\vc110.pdb
C:\Users\thellman\Dropbox\Courses\378\assignments\cs378-assignment2-files\Drawing\Release\Drawing.exe
